2020-02-16 10:59:19 info: [Server]:  api server started on: 4000
2020-02-16 10:59:19 error: [Server]:  Connection with MongoDB installed 
2020-02-16 11:01:10 info: [Server]:  api server started on: 4000
2020-02-16 11:01:10 info: [Server]:  Connection with MongoDB installed 
2020-02-16 11:01:35 info: [Server]:  api server started on: 4000
2020-02-16 11:01:35 info: [Server]:  Connection with MongoDB installed 
2020-02-16 11:03:20 warn: error in validating request : "password" is required
2020-02-16 11:03:20 error: error ,Error during processing request: http://localhost:4000/api/v1/signUp details message: "password" is required
2020-02-16 11:04:06 info: [Server]:  api server started on: 4000
2020-02-16 11:04:06 info: [Server]:  Connection with MongoDB installed 
2020-02-16 11:04:07 error: error ,Error during processing request: http://localhost:4000/api/v1/signUp details message: Cast to string failed for value "{ sendEmail: [Function: sendEmail] }" at path "email" for model "users"
2020-02-16 11:05:43 info: [Server]:  api server started on: 4000
2020-02-16 11:05:43 info: [Server]:  Connection with MongoDB installed 
2020-02-16 11:05:46 error: error ,Error during processing request: http://localhost:4000/api/v1/signUp details message: email is not defined
2020-02-16 11:07:40 info: [Server]:  api server started on: 4000
2020-02-16 11:07:40 info: [Server]:  Connection with MongoDB installed 
2020-02-16 11:07:45 error: error ,Error during processing request: http://localhost:4000/api/v1/signUp details message: secretOrPrivateKey must have a value
2020-02-16 11:08:57 info: [Server]:  api server started on: 4000
2020-02-16 11:08:57 info: [Server]:  Connection with MongoDB installed 
2020-02-16 11:08:59 error: error ,Error during processing request: http://localhost:4000/api/v1/signUp details message: invalid email account,email already existed
2020-02-16 11:09:38 error: error ,Error during processing request: http://localhost:4000/api/v1/signUp details message: secretOrPrivateKey must have a value
2020-02-16 11:12:44 info: [Server]:  api server started on: 4000
2020-02-16 11:12:44 info: [Server]:  Connection with MongoDB installed 
2020-02-16 11:15:01 info: [Server]:  api server started on: 4000
2020-02-16 11:15:01 info: [Server]:  Connection with MongoDB installed 
2020-02-16 11:15:18 info: a request has been made and proccessed successfully at: Sun Feb 16 2020 11:15:18 GMT+0530 (India Standard Time)
2020-02-16 11:16:18 info: a request has been made and proccessed successfully at: Sun Feb 16 2020 11:16:18 GMT+0530 (India Standard Time)
2020-02-16 11:20:45 info: [Server]:  api server started on: 4000
2020-02-16 11:20:45 info: [Server]:  Connection with MongoDB installed 
2020-02-16 11:22:10 info: [Server]:  api server started on: 4000
2020-02-16 11:22:10 info: [Server]:  Connection with MongoDB installed 
2020-02-16 11:22:35 info: [Server]:  api server started on: 4000
2020-02-16 11:22:35 info: [Server]:  Connection with MongoDB installed 
2020-02-16 11:23:48 info: [Server]:  api server started on: 4000
2020-02-16 11:23:48 info: [Server]:  Connection with MongoDB installed 
2020-02-16 11:24:16 info: [Server]:  api server started on: 4000
2020-02-16 11:24:16 info: [Server]:  Connection with MongoDB installed 
2020-02-16 11:25:26 info: a request has been made and proccessed successfully at: Sun Feb 16 2020 11:25:26 GMT+0530 (India Standard Time)
2020-02-16 11:25:41 info: a request has been made and proccessed successfully at: Sun Feb 16 2020 11:25:41 GMT+0530 (India Standard Time)
2020-02-16 11:28:38 info: a request has been made and proccessed successfully at: Sun Feb 16 2020 11:28:38 GMT+0530 (India Standard Time)
2020-02-16 11:28:52 error: error ,Error during processing request: http://localhost:4000/api/v1/logoutCS details message: Cannot read property 'tokens' of undefined
2020-02-16 11:30:59 info: [Server]:  api server started on: 4000
2020-02-16 11:30:59 info: [Server]:  Connection with MongoDB installed 
2020-02-16 11:31:02 error: error ,Error during processing request: http://localhost:4000/api/v1/logoutCS details message: Cannot read property 'user' of undefined
2020-02-16 11:31:08 info: [Server]:  api server started on: 4000
2020-02-16 11:31:08 info: [Server]:  Connection with MongoDB installed 
2020-02-16 11:31:13 error: error ,Error during processing request: http://localhost:4000/api/v1/logoutCS details message: Cannot read property 'user' of undefined
2020-02-16 11:32:02 info: [Server]:  api server started on: 4000
2020-02-16 11:32:03 info: [Server]:  Connection with MongoDB installed 
2020-02-16 11:32:06 error: error ,Error during processing request: http://localhost:4000/api/v1/logoutCS details message: user is not defined
2020-02-16 11:32:10 info: a request has been made and proccessed successfully at: Sun Feb 16 2020 11:32:10 GMT+0530 (India Standard Time)
2020-02-16 11:32:16 error: error ,Error during processing request: http://localhost:4000/api/v1/logoutCS details message: user is not defined
2020-02-16 11:32:34 info: a request has been made and proccessed successfully at: Sun Feb 16 2020 11:32:34 GMT+0530 (India Standard Time)
2020-02-16 11:33:39 info: [Server]:  api server started on: 4000
2020-02-16 11:33:39 info: [Server]:  Connection with MongoDB installed 
2020-02-16 11:33:44 info: a request has been made and proccessed successfully at: Sun Feb 16 2020 11:33:44 GMT+0530 (India Standard Time)
2020-02-16 11:33:49 error: error ,Error during processing request: http://localhost:4000/api/v1/logoutCS details message: user is not defined
2020-02-16 11:46:47 info: [Server]:  api server started on: 4000
2020-02-16 11:46:47 info: [Server]:  Connection with MongoDB installed 
2020-02-16 11:46:53 info: [Server]:  api server started on: 4000
2020-02-16 11:46:53 info: [Server]:  Connection with MongoDB installed 
2020-02-16 11:48:18 info: [Server]:  api server started on: 4000
2020-02-16 11:48:18 info: [Server]:  Connection with MongoDB installed 
2020-02-16 11:48:41 info: [Server]:  api server started on: 4000
2020-02-16 11:48:41 info: [Server]:  Connection with MongoDB installed 
2020-02-16 11:48:56 info: [Server]:  api server started on: 4000
2020-02-16 11:48:56 info: [Server]:  Connection with MongoDB installed 
2020-02-16 11:49:19 info: [Server]:  api server started on: 4000
2020-02-16 11:49:19 info: [Server]:  Connection with MongoDB installed 
2020-02-16 11:49:24 info: a request has been made and proccessed successfully at: Sun Feb 16 2020 11:49:24 GMT+0530 (India Standard Time)
2020-02-16 11:49:35 info: [Server]:  api server started on: 4000
2020-02-16 11:49:35 info: [Server]:  Connection with MongoDB installed 
2020-02-16 11:50:43 info: [Server]:  api server started on: 4000
2020-02-16 11:50:43 info: [Server]:  Connection with MongoDB installed 
2020-02-16 11:51:02 info: [Server]:  api server started on: 4000
2020-02-16 11:51:02 info: [Server]:  Connection with MongoDB installed 
2020-02-16 11:51:57 info: [Server]:  api server started on: 4000
2020-02-16 11:51:57 info: [Server]:  Connection with MongoDB installed 
2020-02-16 11:52:48 info: [Server]:  api server started on: 4000
2020-02-16 11:52:48 info: [Server]:  Connection with MongoDB installed 
2020-02-16 11:53:40 info: [Server]:  api server started on: 4000
2020-02-16 11:53:40 info: [Server]:  Connection with MongoDB installed 
2020-02-16 11:57:08 info: [Server]:  api server started on: 4000
2020-02-16 11:57:08 info: [Server]:  Connection with MongoDB installed 
2020-02-16 11:58:38 info: [Server]:  api server started on: 4000
2020-02-16 11:58:38 info: [Server]:  Connection with MongoDB installed 
2020-02-16 12:00:52 info: [Server]:  api server started on: 4000
2020-02-16 12:00:52 info: [Server]:  Connection with MongoDB installed 
2020-02-16 12:01:17 info: [Server]:  api server started on: 4000
2020-02-16 12:01:17 info: [Server]:  Connection with MongoDB installed 
2020-02-16 12:02:10 info: [Server]:  api server started on: 4000
2020-02-16 12:02:10 info: [Server]:  Connection with MongoDB installed 
2020-02-16 12:02:31 info: [Server]:  api server started on: 4000
2020-02-16 12:02:31 info: [Server]:  Connection with MongoDB installed 
2020-02-16 12:04:55 info: [Server]:  api server started on: 4000
2020-02-16 12:04:55 info: [Server]:  Connection with MongoDB installed 
2020-02-16 12:07:42 info: [Server]:  api server started on: 4000
2020-02-16 12:07:42 info: [Server]:  Connection with MongoDB installed 
2020-02-16 12:11:46 info: [Server]:  api server started on: 4000
2020-02-16 12:11:46 info: [Server]:  Connection with MongoDB installed 
2020-02-16 12:12:41 info: [Server]:  api server started on: 4000
2020-02-16 12:12:41 info: [Server]:  Connection with MongoDB installed 
2020-02-16 12:12:54 info: [Server]:  api server started on: 4000
2020-02-16 12:12:54 info: [Server]:  Connection with MongoDB installed 
2020-02-16 12:13:02 info: [Server]:  api server started on: 4000
2020-02-16 12:13:02 info: [Server]:  Connection with MongoDB installed 
2020-02-16 12:13:12 info: [Server]:  api server started on: 4000
2020-02-16 12:13:12 info: [Server]:  Connection with MongoDB installed 
2020-02-16 12:14:28 info: [Server]:  api server started on: 4000
2020-02-16 12:14:28 info: [Server]:  Connection with MongoDB installed 
2020-02-16 12:14:38 info: [Server]:  api server started on: 4000
2020-02-16 12:14:38 info: [Server]:  Connection with MongoDB installed 
2020-02-16 12:15:04 info: [Server]:  api server started on: 4000
2020-02-16 12:15:04 info: [Server]:  Connection with MongoDB installed 
2020-02-16 12:15:39 info: [Server]:  api server started on: 4000
2020-02-16 12:15:39 info: [Server]:  Connection with MongoDB installed 
2020-02-16 12:16:37 info: [Server]:  api server started on: 4000
2020-02-16 12:16:37 info: [Server]:  Connection with MongoDB installed 
2020-02-16 12:17:45 info: [Server]:  api server started on: 4000
2020-02-16 12:17:45 info: [Server]:  Connection with MongoDB installed 
2020-02-16 12:17:56 info: [Server]:  api server started on: 4000
2020-02-16 12:17:56 info: [Server]:  Connection with MongoDB installed 
2020-02-16 12:18:13 info: [Server]:  api server started on: 4000
2020-02-16 12:18:13 info: [Server]:  Connection with MongoDB installed 
2020-02-16 12:19:47 info: [Server]:  api server started on: 4000
2020-02-16 12:19:47 info: [Server]:  Connection with MongoDB installed 
2020-02-16 12:20:11 info: [Server]:  api server started on: 4000
2020-02-16 12:20:11 info: [Server]:  Connection with MongoDB installed 
2020-02-16 12:20:32 info: [Server]:  api server started on: 4000
2020-02-16 12:20:32 info: [Server]:  Connection with MongoDB installed 
2020-02-16 12:20:36 info: [Server]:  api server started on: 4000
2020-02-16 12:20:36 info: [Server]:  Connection with MongoDB installed 
2020-02-16 12:20:40 info: [Server]:  api server started on: 4000
2020-02-16 12:20:40 info: [Server]:  Connection with MongoDB installed 
2020-02-16 12:20:46 info: [Server]:  api server started on: 4000
2020-02-16 12:20:46 info: [Server]:  Connection with MongoDB installed 
2020-02-16 12:20:51 info: [Server]:  api server started on: 4000
2020-02-16 12:20:51 info: [Server]:  Connection with MongoDB installed 
2020-02-16 12:21:16 info: [Server]:  api server started on: 4000
2020-02-16 12:21:16 info: [Server]:  Connection with MongoDB installed 
2020-02-16 12:21:35 info: [Server]:  api server started on: 4000
2020-02-16 12:21:35 info: [Server]:  Connection with MongoDB installed 
2020-02-16 12:22:11 info: [Server]:  api server started on: 4000
2020-02-16 12:22:11 info: [Server]:  Connection with MongoDB installed 
2020-02-16 12:22:56 info: [Server]:  api server started on: 4000
2020-02-16 12:22:56 info: [Server]:  Connection with MongoDB installed 
2020-02-16 12:23:54 info: [Server]:  api server started on: 4000
2020-02-16 12:23:54 info: [Server]:  Connection with MongoDB installed 
2020-02-16 12:24:49 info: [Server]:  api server started on: 4000
2020-02-16 12:24:49 info: [Server]:  Connection with MongoDB installed 
2020-02-16 12:26:14 info: [Server]:  api server started on: 4000
2020-02-16 12:26:14 info: [Server]:  Connection with MongoDB installed 
2020-02-16 12:27:22 info: [Server]:  api server started on: 4000
2020-02-16 12:27:22 info: [Server]:  Connection with MongoDB installed 
2020-02-16 12:30:02 info: [Server]:  api server started on: 4000
2020-02-16 12:30:02 info: [Server]:  Connection with MongoDB installed 
2020-02-16 12:30:10 info: [Server]:  api server started on: 4000
2020-02-16 12:30:10 info: [Server]:  Connection with MongoDB installed 
2020-02-16 12:30:23 info: [Server]:  api server started on: 4000
2020-02-16 12:30:23 info: [Server]:  Connection with MongoDB installed 
2020-02-16 12:34:27 info: [Server]:  api server started on: 4000
2020-02-16 12:34:27 info: [Server]:  Connection with MongoDB installed 
2020-02-16 12:35:03 info: a request has been made and proccessed successfully at: Sun Feb 16 2020 12:35:03 GMT+0530 (India Standard Time)
2020-02-16 12:35:15 info: a request has been made and proccessed successfully at: Sun Feb 16 2020 12:35:15 GMT+0530 (India Standard Time)
2020-02-16 12:35:27 info: a request has been made and proccessed successfully at: Sun Feb 16 2020 12:35:27 GMT+0530 (India Standard Time)
2020-02-16 12:35:31 info: a request has been made and proccessed successfully at: Sun Feb 16 2020 12:35:31 GMT+0530 (India Standard Time)
2020-02-16 12:35:33 info: a request has been made and proccessed successfully at: Sun Feb 16 2020 12:35:33 GMT+0530 (India Standard Time)
2020-02-16 12:35:39 error: error ,Error during processing request: http://localhost:4000/api/v1/logoutAS details message: data is not defined
2020-02-16 12:36:02 info: [Server]:  api server started on: 4000
2020-02-16 12:36:02 info: [Server]:  Connection with MongoDB installed 
2020-02-16 12:36:05 info: a request has been made and proccessed successfully at: Sun Feb 16 2020 12:36:05 GMT+0530 (India Standard Time)
2020-02-16 12:36:45 info: a request has been made and proccessed successfully at: Sun Feb 16 2020 12:36:45 GMT+0530 (India Standard Time)
2020-02-16 12:36:47 info: a request has been made and proccessed successfully at: Sun Feb 16 2020 12:36:47 GMT+0530 (India Standard Time)
2020-02-16 12:37:04 info: a request has been made and proccessed successfully at: Sun Feb 16 2020 12:37:04 GMT+0530 (India Standard Time)
2020-02-16 12:38:47 info: [Server]:  api server started on: 4000
2020-02-16 12:38:47 info: [Server]:  Connection with MongoDB installed 
2020-02-16 12:51:32 info: [Server]:  api server started on: 4000
2020-02-16 12:51:32 info: [Server]:  Connection with MongoDB installed 
2020-02-16 12:52:01 info: a request has been made and proccessed successfully at: Sun Feb 16 2020 12:52:01 GMT+0530 (India Standard Time)
2020-02-16 12:52:06 info: a request has been made and proccessed successfully at: Sun Feb 16 2020 12:52:06 GMT+0530 (India Standard Time)
2020-02-16 12:52:35 info: a request has been made and proccessed successfully at: Sun Feb 16 2020 12:52:35 GMT+0530 (India Standard Time)
2020-02-16 12:54:30 info: [Server]:  Stopping The Server
2020-02-16 12:54:35 info: [Server]:  api server started on: 4000
2020-02-16 12:54:35 info: [Server]:  Connection with MongoDB installed 
2020-02-16 12:54:55 info: [Server]:  api server started on: 4000
2020-02-16 12:54:55 info: [Server]:  Connection with MongoDB installed 
2020-02-16 12:55:06 info: [Server]:  api server started on: 4000
2020-02-16 12:55:06 info: [Server]:  Connection with MongoDB installed 
2020-02-16 12:55:27 info: [Server]:  api server started on: 4000
2020-02-16 12:55:27 info: [Server]:  Connection with MongoDB installed 
2020-02-16 12:57:38 info: [Server]:  api server started on: 4000
2020-02-16 12:57:38 info: [Server]:  Connection with MongoDB installed 
2020-02-16 12:57:48 info: [Server]:  api server started on: 4000
2020-02-16 12:57:48 info: [Server]:  Connection with MongoDB installed 
2020-02-16 13:02:25 info: [Server]:  api server started on: 4000
2020-02-16 13:02:25 info: [Server]:  Connection with MongoDB installed 
2020-02-16 13:07:11 info: [Server]:  api server started on: 4000
2020-02-16 13:07:11 info: [Server]:  Connection with MongoDB installed 
2020-02-16 13:08:55 info: [Server]:  api server started on: 4000
2020-02-16 13:08:55 info: [Server]:  Connection with MongoDB installed 
2020-02-16 13:09:58 info: [Server]:  api server started on: 4000
2020-02-16 13:09:58 info: [Server]:  Connection with MongoDB installed 
2020-02-16 13:10:48 info: [Server]:  api server started on: 4000
2020-02-16 13:10:48 info: [Server]:  Connection with MongoDB installed 
2020-02-16 13:10:52 info: [Server]:  api server started on: 4000
2020-02-16 13:10:52 info: [Server]:  Connection with MongoDB installed 
2020-02-16 13:12:57 info: [Server]:  api server started on: 4000
2020-02-16 13:12:57 info: [Server]:  Connection with MongoDB installed 
2020-02-16 13:13:17 info: [Server]:  api server started on: 4000
2020-02-16 13:13:17 info: [Server]:  Connection with MongoDB installed 
2020-02-16 13:13:46 info: [Server]:  api server started on: 4000
2020-02-16 13:13:46 info: [Server]:  Connection with MongoDB installed 
2020-02-16 13:15:24 info: [Server]:  api server started on: 4000
2020-02-16 13:15:24 info: [Server]:  Connection with MongoDB installed 
2020-02-16 13:16:47 info: [Server]:  api server started on: 4000
2020-02-16 13:16:47 info: [Server]:  Connection with MongoDB installed 
2020-02-16 13:17:11 info: [Server]:  api server started on: 4000
2020-02-16 13:17:11 info: [Server]:  Connection with MongoDB installed 
2020-02-16 13:17:40 info: [Server]:  api server started on: 4000
2020-02-16 13:17:40 info: [Server]:  Connection with MongoDB installed 
2020-02-16 13:18:10 info: [Server]:  api server started on: 4000
2020-02-16 13:18:10 info: [Server]:  Connection with MongoDB installed 
2020-02-16 13:18:59 info: [Server]:  api server started on: 4000
2020-02-16 13:18:59 info: [Server]:  Connection with MongoDB installed 
2020-02-16 13:19:21 info: [Server]:  api server started on: 4000
2020-02-16 13:19:21 info: [Server]:  Connection with MongoDB installed 
2020-02-16 13:21:33 info: [Server]:  api server started on: 4000
2020-02-16 13:21:33 info: [Server]:  Connection with MongoDB installed 
2020-02-16 13:21:48 info: [Server]:  api server started on: 4000
2020-02-16 13:21:48 info: [Server]:  Connection with MongoDB installed 
2020-02-16 13:22:33 info: [Server]:  api server started on: 4000
2020-02-16 13:22:33 info: [Server]:  Connection with MongoDB installed 
2020-02-16 13:24:40 info: [Server]:  api server started on: 4000
2020-02-16 13:24:40 info: [Server]:  Connection with MongoDB installed 
2020-02-16 13:24:46 info: [Server]:  api server started on: 4000
2020-02-16 13:24:46 info: [Server]:  Connection with MongoDB installed 
2020-02-16 13:26:03 info: [Server]:  api server started on: 4000
2020-02-16 13:26:03 info: [Server]:  Connection with MongoDB installed 
2020-02-16 13:27:51 info: [Server]:  api server started on: 4000
2020-02-16 13:27:51 info: [Server]:  Connection with MongoDB installed 
2020-02-16 13:28:21 info: [Server]:  api server started on: 4000
2020-02-16 13:28:21 info: [Server]:  Connection with MongoDB installed 
2020-02-16 13:30:29 info: [Server]:  api server started on: 4000
2020-02-16 13:30:29 info: [Server]:  Connection with MongoDB installed 
2020-02-16 13:31:11 info: [Server]:  api server started on: 4000
2020-02-16 13:31:11 info: [Server]:  Connection with MongoDB installed 
2020-02-16 13:32:36 error: [Server]:  the url you are trying to reach is not hosted on our server
2020-02-16 13:33:23 error: [Server]:  the url you are trying to reach is not hosted on our server
2020-02-16 13:33:34 info: a request has been made and proccessed successfully at: Sun Feb 16 2020 13:33:34 GMT+0530 (India Standard Time)
2020-02-16 13:33:40 error: [Server]:  the url you are trying to reach is not hosted on our server
2020-02-16 13:34:45 info: [Server]:  api server started on: 4000
2020-02-16 13:34:45 info: [Server]:  Connection with MongoDB installed 
2020-02-16 13:34:47 info: [Server]:  api server started on: 4000
2020-02-16 13:34:47 info: [Server]:  Connection with MongoDB installed 
2020-02-16 13:34:51 warn: error in validating request : invalid User Id
2020-02-16 13:34:51 error: error ,Error during processing request: http://localhost:4000/api/v1/user/sdsd details message: invalid User Id
2020-02-16 13:35:00 warn: error in validating request : invalid User Id
2020-02-16 13:35:00 error: error ,Error during processing request: http://localhost:4000/api/v1/user/me details message: invalid User Id
2020-02-16 13:35:07 info: a request has been made and proccessed successfully at: Sun Feb 16 2020 13:35:07 GMT+0530 (India Standard Time)
2020-02-16 13:35:11 warn: error in validating request : invalid User Id
2020-02-16 13:35:11 error: error ,Error during processing request: http://localhost:4000/api/v1/user/me details message: invalid User Id
2020-02-16 13:35:27 info: [Server]:  api server started on: 4000
2020-02-16 13:35:27 info: [Server]:  Connection with MongoDB installed 
2020-02-16 13:36:14 info: [Server]:  api server started on: 4000
2020-02-16 13:36:14 info: [Server]:  Connection with MongoDB installed 
2020-02-16 13:36:27 warn: error in validating request : invalid User Id
2020-02-16 13:36:27 error: error ,Error during processing request: http://localhost:4000/api/v1/getUserById/sdsd details message: invalid User Id
2020-02-16 13:36:31 info: a request has been made and proccessed successfully at: Sun Feb 16 2020 13:36:31 GMT+0530 (India Standard Time)
2020-02-16 13:36:54 info: a request has been made and proccessed successfully at: Sun Feb 16 2020 13:36:54 GMT+0530 (India Standard Time)
2020-02-16 13:36:59 info: a request has been made and proccessed successfully at: Sun Feb 16 2020 13:36:59 GMT+0530 (India Standard Time)
2020-02-16 13:38:12 info: [Server]:  api server started on: 4000
2020-02-16 13:38:12 info: [Server]:  Connection with MongoDB installed 
2020-02-16 13:38:15 info: a request has been made and proccessed successfully at: Sun Feb 16 2020 13:38:15 GMT+0530 (India Standard Time)
2020-02-16 13:38:49 info: [Server]:  api server started on: 4000
2020-02-16 13:38:49 info: [Server]:  Connection with MongoDB installed 
2020-02-16 13:39:03 info: [Server]:  api server started on: 4000
2020-02-16 13:39:03 info: [Server]:  Connection with MongoDB installed 
2020-02-16 13:39:06 info: a request has been made and proccessed successfully at: Sun Feb 16 2020 13:39:06 GMT+0530 (India Standard Time)
2020-02-16 13:39:11 warn: error in validating request : invalid User Id
2020-02-16 13:39:11 error: error ,Error during processing request: http://localhost:4000/api/v1/getUserById/sdsd details message: invalid User Id
2020-02-16 13:39:24 warn: error in validating request : invalid User Id
2020-02-16 13:39:24 error: error ,Error during processing request: http://localhost:4000/api/v1/getUserById/04af1c25-1772-477d-82b6-5ab51cc4c78a details message: invalid User Id
2020-02-16 13:40:06 info: [Server]:  api server started on: 4000
2020-02-16 13:40:06 info: [Server]:  Connection with MongoDB installed 
2020-02-16 13:40:08 info: a request has been made and proccessed successfully at: Sun Feb 16 2020 13:40:08 GMT+0530 (India Standard Time)
2020-02-16 13:40:43 info: a request has been made and proccessed successfully at: Sun Feb 16 2020 13:40:43 GMT+0530 (India Standard Time)
2020-02-16 13:41:42 info: a request has been made and proccessed successfully at: Sun Feb 16 2020 13:41:42 GMT+0530 (India Standard Time)
2020-02-16 13:42:35 info: a request has been made and proccessed successfully at: Sun Feb 16 2020 13:42:35 GMT+0530 (India Standard Time)
2020-02-16 13:43:02 info: [Server]:  api server started on: 4000
2020-02-16 13:43:02 info: [Server]:  Connection with MongoDB installed 
2020-02-16 13:43:08 info: a request has been made and proccessed successfully at: Sun Feb 16 2020 13:43:08 GMT+0530 (India Standard Time)
2020-02-16 13:43:10 info: a request has been made and proccessed successfully at: Sun Feb 16 2020 13:43:10 GMT+0530 (India Standard Time)
2020-02-16 13:43:18 info: a request has been made and proccessed successfully at: Sun Feb 16 2020 13:43:18 GMT+0530 (India Standard Time)
2020-02-16 13:43:24 info: [Server]:  api server started on: 4000
2020-02-16 13:43:24 info: [Server]:  Connection with MongoDB installed 
2020-02-16 13:43:26 info: a request has been made and proccessed successfully at: Sun Feb 16 2020 13:43:26 GMT+0530 (India Standard Time)
2020-02-16 13:43:34 info: [Server]:  api server started on: 4000
2020-02-16 13:43:34 info: [Server]:  Connection with MongoDB installed 
2020-02-16 13:43:55 info: [Server]:  api server started on: 4000
2020-02-16 13:43:55 info: [Server]:  Connection with MongoDB installed 
2020-02-16 14:13:24 info: [Server]:  api server started on: 4000
2020-02-16 14:13:24 info: [Server]:  Connection with MongoDB installed 
2020-02-16 14:14:05 info: [Server]:  api server started on: 4000
2020-02-16 14:14:05 info: [Server]:  Connection with MongoDB installed 
2020-02-16 14:14:31 error: error ,Error during processing request: http://localhost:4000/api/v1/updateUserPassword details message: data is not defined
2020-02-16 14:14:44 info: [Server]:  api server started on: 4000
2020-02-16 14:14:45 info: [Server]:  Connection with MongoDB installed 
2020-02-16 14:14:53 info: [Server]:  api server started on: 4000
2020-02-16 14:14:53 info: [Server]:  Connection with MongoDB installed 
2020-02-16 14:14:56 info: a request has been made and proccessed successfully at: Sun Feb 16 2020 14:14:56 GMT+0530 (India Standard Time)
2020-02-16 14:15:10 info: [Server]:  api server started on: 4000
2020-02-16 14:15:10 info: [Server]:  Connection with MongoDB installed 
2020-02-16 14:15:12 info: a request has been made and proccessed successfully at: Sun Feb 16 2020 14:15:12 GMT+0530 (India Standard Time)
2020-02-16 14:15:14 info: a request has been made and proccessed successfully at: Sun Feb 16 2020 14:15:14 GMT+0530 (India Standard Time)
2020-02-16 14:15:45 info: a request has been made and proccessed successfully at: Sun Feb 16 2020 14:15:45 GMT+0530 (India Standard Time)
2020-02-16 14:15:49 error: error ,Error during processing request: http://localhost:4000/api/v1/login details message: failed to login bad credentials
2020-02-16 14:16:04 info: a request has been made and proccessed successfully at: Sun Feb 16 2020 14:16:04 GMT+0530 (India Standard Time)
2020-02-16 14:16:09 info: a request has been made and proccessed successfully at: Sun Feb 16 2020 14:16:09 GMT+0530 (India Standard Time)
2020-02-16 14:16:53 info: [Server]:  api server started on: 4000
2020-02-16 14:16:53 info: [Server]:  Connection with MongoDB installed 
2020-02-16 14:16:55 info: a request has been made and proccessed successfully at: Sun Feb 16 2020 14:16:55 GMT+0530 (India Standard Time)
2020-02-16 14:17:09 info: [Server]:  api server started on: 4000
2020-02-16 14:17:09 info: [Server]:  Connection with MongoDB installed 
2020-02-16 14:17:12 info: a request has been made and proccessed successfully at: Sun Feb 16 2020 14:17:12 GMT+0530 (India Standard Time)
2020-02-16 14:17:15 info: a request has been made and proccessed successfully at: Sun Feb 16 2020 14:17:15 GMT+0530 (India Standard Time)
2020-02-16 14:17:17 info: a request has been made and proccessed successfully at: Sun Feb 16 2020 14:17:17 GMT+0530 (India Standard Time)
2020-02-16 14:17:33 info: [Server]:  api server started on: 4000
2020-02-16 14:17:33 info: [Server]:  Connection with MongoDB installed 
2020-02-16 14:17:43 info: [Server]:  api server started on: 4000
2020-02-16 14:17:43 info: [Server]:  Connection with MongoDB installed 
2020-02-16 14:17:54 info: [Server]:  api server started on: 4000
2020-02-16 14:17:54 info: [Server]:  Connection with MongoDB installed 
2020-02-16 14:17:54 info: [Server]:  api server started on: 4000
2020-02-16 14:17:54 info: [Server]:  Connection with MongoDB installed 
2020-02-16 14:18:24 info: a request has been made and proccessed successfully at: Sun Feb 16 2020 14:18:24 GMT+0530 (India Standard Time)
2020-02-16 14:18:35 info: [Server]:  api server started on: 4000
2020-02-16 14:18:35 info: [Server]:  Connection with MongoDB installed 
2020-02-16 14:18:37 error: error ,Error during processing request: http://localhost:4000/api/v1/updateUserPassword details message: Incorrect Old password!!!
2020-02-16 14:18:49 info: [Server]:  api server started on: 4000
2020-02-16 14:18:49 info: [Server]:  Connection with MongoDB installed 
2020-02-16 14:18:52 error: error ,Error during processing request: http://localhost:4000/api/v1/updateUserPassword details message: Incorrect Old password!!!
2020-02-16 14:19:02 info: a request has been made and proccessed successfully at: Sun Feb 16 2020 14:19:02 GMT+0530 (India Standard Time)
2020-02-16 14:19:07 error: error ,Error during processing request: http://localhost:4000/api/v1/login details message: failed to login bad credentials
2020-02-16 14:19:11 info: a request has been made and proccessed successfully at: Sun Feb 16 2020 14:19:11 GMT+0530 (India Standard Time)
2020-02-16 14:19:44 info: a request has been made and proccessed successfully at: Sun Feb 16 2020 14:19:44 GMT+0530 (India Standard Time)
2020-02-16 14:19:50 error: error ,Error during processing request: http://localhost:4000/api/v1/login details message: invalid email address
2020-02-16 14:19:54 info: a request has been made and proccessed successfully at: Sun Feb 16 2020 14:19:54 GMT+0530 (India Standard Time)
2020-02-16 14:21:38 info: [Server]:  api server started on: 4000
2020-02-16 14:21:38 info: [Server]:  Connection with MongoDB installed 
2020-02-16 14:21:56 info: [Server]:  api server started on: 4000
2020-02-16 14:21:56 info: [Server]:  Connection with MongoDB installed 
2020-02-16 14:22:21 info: [Server]:  api server started on: 4000
2020-02-16 14:22:21 info: [Server]:  Connection with MongoDB installed 
2020-02-16 14:22:23 error: error ,Error during processing request: http://localhost:4000/api/v1/getUserById/copyIdfromdatabase details message: invalid id or user doesn't existed
2020-02-16 14:22:30 info: a request has been made and proccessed successfully at: Sun Feb 16 2020 14:22:30 GMT+0530 (India Standard Time)
2020-02-16 14:22:34 info: a request has been made and proccessed successfully at: Sun Feb 16 2020 14:22:34 GMT+0530 (India Standard Time)
2020-02-16 14:22:46 info: [Server]:  api server started on: 4000
2020-02-16 14:22:46 info: [Server]:  Connection with MongoDB installed 
2020-02-16 14:22:49 info: a request has been made and proccessed successfully at: Sun Feb 16 2020 14:22:49 GMT+0530 (India Standard Time)
2020-02-16 14:22:51 info: a request has been made and proccessed successfully at: Sun Feb 16 2020 14:22:51 GMT+0530 (India Standard Time)
2020-02-16 14:23:29 info: [Server]:  api server started on: 4000
2020-02-16 14:23:29 info: [Server]:  Connection with MongoDB installed 
2020-02-16 14:23:32 info: a request has been made and proccessed successfully at: Sun Feb 16 2020 14:23:32 GMT+0530 (India Standard Time)
2020-02-16 14:23:36 error: error ,Error during processing request: http://localhost:4000/api/v1/getUserById/copyIdfromdatabase details message: invalid id or user doesn't existed
2020-02-16 14:24:34 info: [Server]:  api server started on: 4000
2020-02-16 14:24:35 info: [Server]:  Connection with MongoDB installed 
2020-02-16 14:24:38 info: a request has been made and proccessed successfully at: Sun Feb 16 2020 14:24:38 GMT+0530 (India Standard Time)
2020-02-16 14:24:44 info: [Server]:  api server started on: 4000
2020-02-16 14:24:44 info: [Server]:  Connection with MongoDB installed 
2020-02-16 14:24:46 error: error ,Error during processing request: http://localhost:4000/api/v1/user/me details message: invalid id or user doesn't existed
2020-02-16 14:25:17 info: [Server]:  api server started on: 4000
2020-02-16 14:25:17 info: [Server]:  Connection with MongoDB installed 
2020-02-16 14:25:18 error: error ,Error during processing request: http://localhost:4000/api/v1/user/me details message: User doesnot existed
2020-02-16 14:26:13 info: [Server]:  api server started on: 4000
2020-02-16 14:26:13 info: [Server]:  Connection with MongoDB installed 
2020-02-16 14:26:15 error: error ,Error during processing request: http://localhost:4000/api/v1/user/me details message: User doesnot existed
2020-02-16 14:26:28 info: [Server]:  api server started on: 4000
2020-02-16 14:26:28 info: [Server]:  Connection with MongoDB installed 
2020-02-16 14:26:37 info: [Server]:  api server started on: 4000
2020-02-16 14:26:37 info: [Server]:  Connection with MongoDB installed 
2020-02-16 14:27:01 info: [Server]:  api server started on: 4000
2020-02-16 14:27:01 info: [Server]:  Connection with MongoDB installed 
2020-02-16 14:27:31 info: [Server]:  api server started on: 4000
2020-02-16 14:27:31 info: [Server]:  Connection with MongoDB installed 
2020-02-16 14:27:34 error: error ,Error during processing request: http://localhost:4000/api/v1/user/me details message: User doesnot existed
2020-02-16 14:27:34 error: [Server]:  the url you are trying to reach is not hosted on our server
2020-02-16 14:27:55 info: [Server]:  api server started on: 4000
2020-02-16 14:27:55 info: [Server]:  Connection with MongoDB installed 
2020-02-16 14:27:58 error: error ,Error during processing request: http://localhost:4000/api/v1/user/me details message: User doesnot existed
2020-02-16 14:28:54 info: [Server]:  api server started on: 4000
2020-02-16 14:28:54 info: [Server]:  Connection with MongoDB installed 
2020-02-16 14:28:56 error: error ,Error during processing request: http://localhost:4000/api/v1/user/me details message: User doesnot existed
2020-02-16 14:29:18 info: [Server]:  api server started on: 4000
2020-02-16 14:29:18 info: [Server]:  Connection with MongoDB installed 
2020-02-16 14:29:46 info: [Server]:  api server started on: 4000
2020-02-16 14:29:46 info: [Server]:  Connection with MongoDB installed 
2020-02-16 14:29:57 info: [Server]:  api server started on: 4000
2020-02-16 14:29:57 info: [Server]:  Connection with MongoDB installed 
2020-02-16 14:31:17 info: [Server]:  api server started on: 4000
2020-02-16 14:31:17 info: [Server]:  Connection with MongoDB installed 
2020-02-16 14:31:58 info: [Server]:  api server started on: 4000
2020-02-16 14:31:58 info: [Server]:  Connection with MongoDB installed 
2020-02-16 14:32:02 info: [Server]:  api server started on: 4000
2020-02-16 14:32:03 info: [Server]:  Connection with MongoDB installed 
2020-02-16 14:32:06 error: error ,Error during processing request: http://localhost:4000/api/v1/user/me details message: user not found!
2020-02-16 14:32:30 info: [Server]:  api server started on: 4000
2020-02-16 14:32:30 info: [Server]:  Connection with MongoDB installed 
2020-02-16 14:32:32 error: error ,Error during processing request: http://localhost:4000/api/v1/user/me details message: user not found!
2020-02-16 14:33:09 info: [Server]:  api server started on: 4000
2020-02-16 14:33:09 info: [Server]:  Connection with MongoDB installed 
2020-02-16 14:33:45 info: [Server]:  api server started on: 4000
2020-02-16 14:33:45 info: [Server]:  Connection with MongoDB installed 
2020-02-16 14:33:52 error: error ,Error during processing request: http://localhost:4000/api/v1/user/me details message: please provide a vaid token ,your token might be expired!!. Login again
2020-02-16 14:34:15 info: [Server]:  api server started on: 4000
2020-02-16 14:34:15 info: [Server]:  Connection with MongoDB installed 
2020-02-16 14:34:16 error: error ,Error during processing request: http://localhost:4000/api/v1/user/me details message: please provide a vaid token ,your token might be expired!!. Try by Login again
2020-02-16 14:34:25 info: [Server]:  api server started on: 4000
2020-02-16 14:34:25 info: [Server]:  Connection with MongoDB installed 
2020-02-16 14:34:29 error: error ,Error during processing request: http://localhost:4000/api/v1/user/me details message: please provide a vaid token ,your token might be expired!!. Try by login again
2020-02-16 14:34:39 error: error ,Error during processing request: http://localhost:4000/api/v1/getUserById/copyIdfromdatabase details message: please provide a vaid token ,your token might be expired!!. Try by login again
2020-02-16 14:34:50 info: a request has been made and proccessed successfully at: Sun Feb 16 2020 14:34:50 GMT+0530 (India Standard Time)
2020-02-16 14:34:56 info: a request has been made and proccessed successfully at: Sun Feb 16 2020 14:34:56 GMT+0530 (India Standard Time)
2020-02-16 14:35:15 info: [Server]:  api server started on: 4000
2020-02-16 14:35:15 info: [Server]:  Connection with MongoDB installed 
2020-02-16 14:35:21 info: a request has been made and proccessed successfully at: Sun Feb 16 2020 14:35:21 GMT+0530 (India Standard Time)
2020-02-16 14:35:24 error: error ,Error during processing request: http://localhost:4000/api/v1/user/me details message: please provide a vaid token ,your token might be expired!!. Try by login again
2020-02-16 14:35:28 error: error ,Error during processing request: http://localhost:4000/api/v1/getUserById/copyIdfromdatabase details message: please provide a vaid token ,your token might be expired!!. Try by login again
2020-02-16 14:35:32 error: error ,Error during processing request: http://localhost:4000/api/v1/deleteUser details message: please provide a vaid token ,your token might be expired!!. Try by login again
2020-02-16 14:35:45 error: error ,Error during processing request: http://localhost:4000/api/v1/updateUserProfile details message: please provide a vaid token ,your token might be expired!!. Try by login again
2020-02-16 14:35:51 error: error ,Error during processing request: http://localhost:4000/api/v1/updateUserPassword details message: please provide a vaid token ,your token might be expired!!. Try by login again
2020-02-16 14:46:21 info: [Server]:  api server started on: 4000
2020-02-16 14:46:21 info: [Server]:  Connection with MongoDB installed 
2020-02-16 14:54:24 info: [Server]:  api server started on: 4000
2020-02-16 14:54:24 info: [Server]:  Connection with MongoDB installed 
2020-02-16 14:55:55 info: [Server]:  api server started on: 4000
2020-02-16 14:55:55 info: [Server]:  Connection with MongoDB installed 
2020-02-16 14:56:04 info: [Server]:  api server started on: 4000
2020-02-16 14:56:04 info: [Server]:  Connection with MongoDB installed 
2020-02-16 14:56:15 info: [Server]:  api server started on: 4000
2020-02-16 14:56:16 info: [Server]:  Connection with MongoDB installed 
2020-02-16 14:56:56 info: [Server]:  api server started on: 4000
2020-02-16 14:56:56 info: [Server]:  Connection with MongoDB installed 
2020-02-16 14:57:47 info: [Server]:  api server started on: 4000
2020-02-16 14:57:47 info: [Server]:  Connection with MongoDB installed 
2020-02-16 15:06:26 info: [Server]:  api server started on: 4000
2020-02-16 15:06:26 info: [Server]:  Connection with MongoDB installed 
2020-02-16 15:06:35 info: [Server]:  api server started on: 4000
2020-02-16 15:06:35 info: [Server]:  Connection with MongoDB installed 
2020-02-16 15:07:08 info: [Server]:  api server started on: 4000
2020-02-16 15:07:08 info: [Server]:  Connection with MongoDB installed 
2020-02-16 15:09:36 info: [Server]:  api server started on: 4000
2020-02-16 15:09:36 info: [Server]:  Connection with MongoDB installed 
2020-02-16 15:12:39 info: [Server]:  api server started on: 4000
2020-02-16 15:12:39 info: [Server]:  Connection with MongoDB installed 
2020-02-16 15:34:04 info: [Server]:  api server started on: 4000
2020-02-16 15:34:04 info: [Server]:  Connection with MongoDB installed 
2020-02-16 15:38:15 info: [Server]:  api server started on: 4000
2020-02-16 15:38:15 info: [Server]:  Connection with MongoDB installed 
2020-02-16 15:50:01 info: [Server]:  api server started on: 4000
2020-02-16 15:50:01 info: [Server]:  Connection with MongoDB installed 
2020-02-16 15:54:47 info: [Server]:  api server started on: 4000
2020-02-16 15:54:47 info: [Server]:  Connection with MongoDB installed 
2020-02-16 15:55:36 info: [Server]:  api server started on: 4000
2020-02-16 15:55:36 info: [Server]:  Connection with MongoDB installed 
2020-02-16 15:58:32 info: [Server]:  api server started on: 4000
2020-02-16 15:58:32 info: [Server]:  Connection with MongoDB installed 
2020-02-16 16:08:41 info: [Server]:  api server started on: 4000
2020-02-16 16:08:41 info: [Server]:  Connection with MongoDB installed 
2020-02-16 16:14:28 info: [Server]:  api server started on: 4000
2020-02-16 16:14:28 info: [Server]:  Connection with MongoDB installed 
2020-02-16 16:17:35 info: [Server]:  api server started on: 4000
2020-02-16 16:17:35 info: [Server]:  Connection with MongoDB installed 
2020-02-16 16:21:23 info: [Server]:  api server started on: 4000
2020-02-16 16:21:23 info: [Server]:  Connection with MongoDB installed 
2020-02-16 16:22:10 info: [Server]:  api server started on: 4000
2020-02-16 16:22:10 info: [Server]:  Connection with MongoDB installed 
2020-02-16 16:22:13 info: [Server]:  api server started on: 4000
2020-02-16 16:22:13 info: [Server]:  Connection with MongoDB installed 
2020-02-16 16:23:43 info: [Server]:  api server started on: 4000
2020-02-16 16:23:43 info: [Server]:  Connection with MongoDB installed 
2020-02-16 16:24:03 info: [Server]:  api server started on: 4000
2020-02-16 16:24:03 info: [Server]:  Connection with MongoDB installed 
2020-02-16 16:24:10 info: [Server]:  api server started on: 4000
2020-02-16 16:24:10 info: [Server]:  Connection with MongoDB installed 
2020-02-16 16:24:19 info: [Server]:  api server started on: 4000
2020-02-16 16:24:19 info: [Server]:  Connection with MongoDB installed 
2020-02-16 16:24:53 info: [Server]:  api server started on: 4000
2020-02-16 16:24:53 info: [Server]:  Connection with MongoDB installed 
2020-02-16 16:24:59 info: [Server]:  api server started on: 4000
2020-02-16 16:24:59 info: [Server]:  Connection with MongoDB installed 
2020-02-16 16:25:24 info: [Server]:  api server started on: 4000
2020-02-16 16:25:24 info: [Server]:  Connection with MongoDB installed 
2020-02-16 16:28:20 info: [Server]:  api server started on: 4000
2020-02-16 16:28:20 info: [Server]:  Connection with MongoDB installed 
2020-02-16 16:29:04 info: [Server]:  api server started on: 4000
2020-02-16 16:29:04 info: [Server]:  Connection with MongoDB installed 
2020-02-16 16:29:09 info: [Server]:  api server started on: 4000
2020-02-16 16:29:09 info: [Server]:  Connection with MongoDB installed 
2020-02-16 16:29:18 info: [Server]:  api server started on: 4000
2020-02-16 16:29:18 info: [Server]:  Connection with MongoDB installed 
2020-02-16 16:32:55 info: [Server]:  api server started on: 4000
2020-02-16 16:32:55 info: [Server]:  Connection with MongoDB installed 
2020-02-16 16:33:43 info: [Server]:  api server started on: 4000
2020-02-16 16:33:43 info: [Server]:  Connection with MongoDB installed 
2020-02-16 16:35:51 info: [Server]:  api server started on: 4000
2020-02-16 16:35:51 info: [Server]:  Connection with MongoDB installed 
2020-02-16 16:37:17 info: [Server]:  api server started on: 4000
2020-02-16 16:37:17 info: [Server]:  Connection with MongoDB installed 
2020-02-16 16:37:38 info: [Server]:  api server started on: 4000
2020-02-16 16:37:38 info: [Server]:  Connection with MongoDB installed 
2020-02-16 16:39:09 info: [Server]:  api server started on: 4000
2020-02-16 16:39:09 info: [Server]:  Connection with MongoDB installed 
2020-02-16 16:42:26 info: [Server]:  api server started on: 4000
2020-02-16 16:42:26 info: [Server]:  Connection with MongoDB installed 
2020-02-16 16:43:43 info: [Server]:  api server started on: 4000
2020-02-16 16:43:43 info: [Server]:  Connection with MongoDB installed 
2020-02-16 16:45:59 error: error ,Error during processing request: http://localhost:4000/api/v1/addBulb details message: Not Authorized to access this resource!
2020-02-16 16:46:09 error: error ,Error during processing request: http://localhost:4000/api/v1/login details message: invalid email address
2020-02-16 16:47:24 info: [Server]:  Stopping The Server
2020-02-16 16:47:29 info: [Server]:  api server started on: 4000
2020-02-16 16:47:29 info: [Server]:  Connection with MongoDB installed 
2020-02-16 16:50:32 info: [Server]:  api server started on: 4000
2020-02-16 16:50:32 info: [Server]:  Connection with MongoDB installed 
2020-02-16 16:50:33 info: [Server]:  api server started on: 4000
2020-02-16 16:50:33 info: [Server]:  Connection with MongoDB installed 
2020-02-16 16:50:38 error: error ,Error during processing request: http://localhost:4000/api/v1/deleteUser details message: please provide a vaid token ,your token might be expired
2020-02-16 16:50:51 error: error ,Error during processing request: http://localhost:4000/api/v1/login details message: invalid email address
2020-02-16 16:51:06 info: a request has been made and proccessed successfully at: Sun Feb 16 2020 16:51:06 GMT+0530 (India Standard Time)
2020-02-16 16:51:15 error: error ,Error during processing request: http://localhost:4000/api/v1/user/me details message: please provide a vaid token ,your token might be expired
2020-02-16 16:51:23 info: a request has been made and proccessed successfully at: Sun Feb 16 2020 16:51:23 GMT+0530 (India Standard Time)
2020-02-16 16:51:27 info: a request has been made and proccessed successfully at: Sun Feb 16 2020 16:51:27 GMT+0530 (India Standard Time)
2020-02-16 16:51:31 error: error ,Error during processing request: http://localhost:4000/api/v1/addBulb details message: Not Authorized to access this resource!
2020-02-16 16:53:38 error: error ,Error during processing request: http://localhost:4000/api/v1/addBulb details message: Joi.json is not a function
2020-02-16 16:53:49 info: [Server]:  api server started on: 4000
2020-02-16 16:53:49 info: [Server]:  Connection with MongoDB installed 
2020-02-16 16:53:51 error: error ,Error during processing request: http://localhost:4000/api/v1/addBulb details message: devType is not defined
2020-02-16 16:54:40 info: [Server]:  api server started on: 4000
2020-02-16 16:54:40 info: [Server]:  Connection with MongoDB installed 
2020-02-16 16:54:44 error: error ,Error during processing request: http://localhost:4000/api/v1/addBulb details message: mongoose is not defined
2020-02-16 16:55:54 info: [Server]:  api server started on: 4000
2020-02-16 16:55:54 info: [Server]:  Connection with MongoDB installed 
2020-02-16 16:56:10 info: [Server]:  api server started on: 4000
2020-02-16 16:56:10 info: [Server]:  Connection with MongoDB installed 
2020-02-16 16:58:53 info: [Server]:  api server started on: 4000
2020-02-16 16:58:53 info: [Server]:  Connection with MongoDB installed 
2020-02-16 16:58:53 info: [Server]:  api server started on: 4000
2020-02-16 16:58:53 info: [Server]:  Connection with MongoDB installed 
2020-02-16 16:58:57 error: error ,Error during processing request: http://localhost:4000/api/v1/addBulb details message: The field 'devCounts.bulb' must be an array but is of type int in document {_id: ObjectId('5e4925a27482c137b463ce36')}
2020-02-16 17:00:06 info: [Server]:  api server started on: 4000
2020-02-16 17:00:06 info: [Server]:  Connection with MongoDB installed 
2020-02-16 17:00:09 error: error ,Error during processing request: http://localhost:4000/api/v1/addBulb details message: The field 'devCounts.bulb' must be an array but is of type int in document {_id: ObjectId('5e4925a27482c137b463ce36')}
2020-02-16 17:00:31 info: a request has been made and proccessed successfully at: Sun Feb 16 2020 17:00:31 GMT+0530 (India Standard Time)
2020-02-16 17:00:57 info: [Server]:  api server started on: 4000
2020-02-16 17:00:57 info: [Server]:  Connection with MongoDB installed 
2020-02-16 17:00:58 info: a request has been made and proccessed successfully at: Sun Feb 16 2020 17:00:58 GMT+0530 (India Standard Time)
2020-02-16 17:01:04 error: error ,Error during processing request: http://localhost:4000/api/v1/addBulb details message: The field 'devCounts.bulb' must be an array but is of type int in document {_id: ObjectId('5e4925a27482c137b463ce36')}
2020-02-16 17:01:48 info: [Server]:  api server started on: 4000
2020-02-16 17:01:48 info: [Server]:  Connection with MongoDB installed 
2020-02-16 17:01:53 error: error ,Error during processing request: http://localhost:4000/api/v1/addBulb details message: The dollar ($) prefixed field '$inc' in 'devCounts.bulb.$inc' is not valid for storage.
2020-02-16 17:02:33 info: [Server]:  api server started on: 4000
2020-02-16 17:02:33 info: [Server]:  Connection with MongoDB installed 
2020-02-16 17:02:52 info: [Server]:  api server started on: 4000
2020-02-16 17:02:52 info: [Server]:  Connection with MongoDB installed 
2020-02-16 17:02:56 info: a request has been made and proccessed successfully at: Sun Feb 16 2020 17:02:56 GMT+0530 (India Standard Time)
2020-02-16 17:03:02 info: a request has been made and proccessed successfully at: Sun Feb 16 2020 17:03:02 GMT+0530 (India Standard Time)
2020-02-16 17:03:26 info: a request has been made and proccessed successfully at: Sun Feb 16 2020 17:03:26 GMT+0530 (India Standard Time)
2020-02-16 17:03:30 info: a request has been made and proccessed successfully at: Sun Feb 16 2020 17:03:30 GMT+0530 (India Standard Time)
2020-02-16 17:03:57 info: a request has been made and proccessed successfully at: Sun Feb 16 2020 17:03:57 GMT+0530 (India Standard Time)
2020-02-16 17:04:02 info: a request has been made and proccessed successfully at: Sun Feb 16 2020 17:04:02 GMT+0530 (India Standard Time)
2020-02-16 17:06:09 info: [Server]:  api server started on: 4000
2020-02-16 17:06:09 info: [Server]:  Connection with MongoDB installed 
2020-02-16 17:06:16 info: [Server]:  api server started on: 4000
2020-02-16 17:06:16 info: [Server]:  Connection with MongoDB installed 
2020-02-16 17:06:21 error: error ,Error during processing request: http://localhost:4000/api/v1/addBulb details message: devLogsSchema.insert is not a function
2020-02-16 17:08:19 info: [Server]:  api server started on: 4000
2020-02-16 17:08:19 info: [Server]:  Connection with MongoDB installed 
2020-02-16 17:08:39 info: [Server]:  api server started on: 4000
2020-02-16 17:08:39 info: [Server]:  Connection with MongoDB installed 
2020-02-16 17:08:43 info: a request has been made and proccessed successfully at: Sun Feb 16 2020 17:08:43 GMT+0530 (India Standard Time)
2020-02-16 17:10:24 info: [Server]:  api server started on: 4000
2020-02-16 17:10:24 info: [Server]:  Connection with MongoDB installed 
2020-02-16 17:10:27 info: a request has been made and proccessed successfully at: Sun Feb 16 2020 17:10:27 GMT+0530 (India Standard Time)
2020-02-16 17:10:53 info: [Server]:  api server started on: 4000
2020-02-16 17:10:53 info: [Server]:  Connection with MongoDB installed 
2020-02-16 17:10:56 info: a request has been made and proccessed successfully at: Sun Feb 16 2020 17:10:56 GMT+0530 (India Standard Time)
2020-02-16 17:11:40 info: [Server]:  api server started on: 4000
2020-02-16 17:11:40 info: [Server]:  Connection with MongoDB installed 
2020-02-16 17:11:45 info: a request has been made and proccessed successfully at: Sun Feb 16 2020 17:11:45 GMT+0530 (India Standard Time)
2020-02-16 17:12:46 info: a request has been made and proccessed successfully at: Sun Feb 16 2020 17:12:46 GMT+0530 (India Standard Time)
2020-02-16 17:13:41 info: a request has been made and proccessed successfully at: Sun Feb 16 2020 17:13:41 GMT+0530 (India Standard Time)
2020-02-16 17:13:50 info: a request has been made and proccessed successfully at: Sun Feb 16 2020 17:13:50 GMT+0530 (India Standard Time)
2020-02-16 17:15:10 info: [Server]:  api server started on: 4000
2020-02-16 17:15:10 info: [Server]:  Connection with MongoDB installed 
2020-02-16 17:15:14 info: a request has been made and proccessed successfully at: Sun Feb 16 2020 17:15:14 GMT+0530 (India Standard Time)
2020-02-16 17:16:34 info: [Server]:  api server started on: 4000
2020-02-16 17:16:34 info: [Server]:  Connection with MongoDB installed 
2020-02-16 17:16:52 info: [Server]:  api server started on: 4000
2020-02-16 17:16:52 info: [Server]:  Connection with MongoDB installed 
2020-02-16 17:17:00 info: [Server]:  api server started on: 4000
2020-02-16 17:17:00 info: [Server]:  Connection with MongoDB installed 
2020-02-16 17:17:04 info: a request has been made and proccessed successfully at: Sun Feb 16 2020 17:17:04 GMT+0530 (India Standard Time)
2020-02-16 17:18:13 info: [Server]:  api server started on: 4000
2020-02-16 17:18:13 info: [Server]:  Connection with MongoDB installed 
2020-02-16 17:18:16 info: a request has been made and proccessed successfully at: Sun Feb 16 2020 17:18:16 GMT+0530 (India Standard Time)
2020-02-16 17:19:51 info: [Server]:  api server started on: 4000
2020-02-16 17:19:51 info: [Server]:  Connection with MongoDB installed 
2020-02-16 17:19:54 info: a request has been made and proccessed successfully at: Sun Feb 16 2020 17:19:54 GMT+0530 (India Standard Time)
2020-02-16 17:20:57 info: [Server]:  api server started on: 4000
2020-02-16 17:20:58 info: [Server]:  Connection with MongoDB installed 
2020-02-16 17:21:02 info: a request has been made and proccessed successfully at: Sun Feb 16 2020 17:21:02 GMT+0530 (India Standard Time)
2020-02-16 17:21:23 info: [Server]:  api server started on: 4000
2020-02-16 17:21:23 info: [Server]:  Connection with MongoDB installed 
2020-02-16 17:23:09 info: [Server]:  api server started on: 4000
2020-02-16 17:23:09 info: [Server]:  Connection with MongoDB installed 
2020-02-16 17:23:20 error: error ,Error during processing request: http://localhost:4000/api/v1/addBulb details message: deLogs is not defined
2020-02-16 17:23:35 info: [Server]:  api server started on: 4000
2020-02-16 17:23:35 info: [Server]:  Connection with MongoDB installed 
2020-02-16 17:23:38 info: a request has been made and proccessed successfully at: Sun Feb 16 2020 17:23:38 GMT+0530 (India Standard Time)
2020-02-16 17:24:09 info: [Server]:  api server started on: 4000
2020-02-16 17:24:09 info: [Server]:  Connection with MongoDB installed 
2020-02-16 17:24:12 info: a request has been made and proccessed successfully at: Sun Feb 16 2020 17:24:12 GMT+0530 (India Standard Time)
2020-02-16 17:25:13 info: [Server]:  api server started on: 4000
2020-02-16 17:25:13 info: [Server]:  Connection with MongoDB installed 
2020-02-16 17:29:15 info: [Server]:  api server started on: 4000
2020-02-16 17:29:15 info: [Server]:  Connection with MongoDB installed 
2020-02-16 17:29:19 error: error ,Error during processing request: http://localhost:4000/api/v1/addBulb details message: devLogs.findOneAndUpdate is not a function
2020-02-16 17:29:30 info: [Server]:  api server started on: 4000
2020-02-16 17:29:30 info: [Server]:  Connection with MongoDB installed 
2020-02-16 17:29:33 info: a request has been made and proccessed successfully at: Sun Feb 16 2020 17:29:33 GMT+0530 (India Standard Time)
2020-02-16 17:29:46 info: [Server]:  api server started on: 4000
2020-02-16 17:29:46 info: [Server]:  Connection with MongoDB installed 
2020-02-16 17:29:49 info: a request has been made and proccessed successfully at: Sun Feb 16 2020 17:29:49 GMT+0530 (India Standard Time)
2020-02-16 17:31:01 info: [Server]:  api server started on: 4000
2020-02-16 17:31:01 info: [Server]:  Connection with MongoDB installed 
2020-02-16 17:31:08 info: [Server]:  api server started on: 4000
2020-02-16 17:31:08 info: [Server]:  Connection with MongoDB installed 
2020-02-16 17:31:15 info: a request has been made and proccessed successfully at: Sun Feb 16 2020 17:31:15 GMT+0530 (India Standard Time)
2020-02-16 17:32:04 info: [Server]:  api server started on: 4000
2020-02-16 17:32:04 info: [Server]:  Connection with MongoDB installed 
2020-02-16 17:32:15 info: [Server]:  api server started on: 4000
2020-02-16 17:32:15 info: [Server]:  Connection with MongoDB installed 
2020-02-16 17:32:21 info: a request has been made and proccessed successfully at: Sun Feb 16 2020 17:32:21 GMT+0530 (India Standard Time)
2020-02-16 17:57:49 info: [Server]:  api server started on: 4000
2020-02-16 17:57:49 info: [Server]:  Connection with MongoDB installed 
2020-02-16 17:59:19 info: [Server]:  api server started on: 4000
2020-02-16 17:59:19 info: [Server]:  Connection with MongoDB installed 
2020-02-16 18:00:10 info: [Server]:  api server started on: 4000
2020-02-16 18:00:10 info: [Server]:  Connection with MongoDB installed 
2020-02-16 18:00:14 info: a request has been made and proccessed successfully at: Sun Feb 16 2020 18:00:14 GMT+0530 (India Standard Time)
2020-02-16 18:03:16 info: [Server]:  api server started on: 4000
2020-02-16 18:03:16 info: [Server]:  Connection with MongoDB installed 
2020-02-16 18:03:49 info: [Server]:  api server started on: 4000
2020-02-16 18:03:49 info: [Server]:  Connection with MongoDB installed 
2020-02-16 18:03:56 info: a request has been made and proccessed successfully at: Sun Feb 16 2020 18:03:56 GMT+0530 (India Standard Time)
2020-02-16 18:05:26 info: [Server]:  api server started on: 4000
2020-02-16 18:05:26 info: [Server]:  Connection with MongoDB installed 
2020-02-16 18:06:39 info: a request has been made and proccessed successfully at: Sun Feb 16 2020 18:06:39 GMT+0530 (India Standard Time)
2020-02-16 18:09:57 info: [Server]:  api server started on: 4000
2020-02-16 18:09:57 info: [Server]:  Connection with MongoDB installed 
2020-02-16 18:10:28 info: a request has been made and proccessed successfully at: Sun Feb 16 2020 18:10:28 GMT+0530 (India Standard Time)
2020-02-16 18:11:22 info: a request has been made and proccessed successfully at: Sun Feb 16 2020 18:11:22 GMT+0530 (India Standard Time)
2020-02-16 18:11:29 info: a request has been made and proccessed successfully at: Sun Feb 16 2020 18:11:29 GMT+0530 (India Standard Time)
2020-02-16 18:11:33 info: a request has been made and proccessed successfully at: Sun Feb 16 2020 18:11:33 GMT+0530 (India Standard Time)
2020-02-16 18:12:45 info: [Server]:  api server started on: 4000
2020-02-16 18:12:45 info: [Server]:  Connection with MongoDB installed 
2020-02-16 18:13:21 info: a request has been made and proccessed successfully at: Sun Feb 16 2020 18:13:21 GMT+0530 (India Standard Time)
2020-02-16 18:13:26 info: a request has been made and proccessed successfully at: Sun Feb 16 2020 18:13:26 GMT+0530 (India Standard Time)
2020-02-16 18:13:29 info: a request has been made and proccessed successfully at: Sun Feb 16 2020 18:13:29 GMT+0530 (India Standard Time)
2020-02-16 18:14:50 info: [Server]:  api server started on: 4000
2020-02-16 18:14:50 info: [Server]:  Connection with MongoDB installed 
2020-02-16 18:14:55 error: error ,Error during processing request: http://localhost:4000/api/v1/user/me details message: please provide a vaid token ,your token might be expired
2020-02-16 18:15:06 info: a request has been made and proccessed successfully at: Sun Feb 16 2020 18:15:06 GMT+0530 (India Standard Time)
2020-02-16 18:15:10 info: a request has been made and proccessed successfully at: Sun Feb 16 2020 18:15:10 GMT+0530 (India Standard Time)
2020-02-16 18:15:13 info: a request has been made and proccessed successfully at: Sun Feb 16 2020 18:15:13 GMT+0530 (India Standard Time)
2020-02-16 18:15:16 info: a request has been made and proccessed successfully at: Sun Feb 16 2020 18:15:16 GMT+0530 (India Standard Time)
2020-02-16 18:16:07 info: [Server]:  api server started on: 4000
2020-02-16 18:16:07 info: [Server]:  Connection with MongoDB installed 
2020-02-16 18:16:13 info: a request has been made and proccessed successfully at: Sun Feb 16 2020 18:16:13 GMT+0530 (India Standard Time)
2020-02-16 18:16:16 info: a request has been made and proccessed successfully at: Sun Feb 16 2020 18:16:16 GMT+0530 (India Standard Time)
2020-02-16 18:16:58 info: [Server]:  api server started on: 4000
2020-02-16 18:16:58 info: [Server]:  Connection with MongoDB installed 
2020-02-16 18:17:03 info: a request has been made and proccessed successfully at: Sun Feb 16 2020 18:17:03 GMT+0530 (India Standard Time)
2020-02-16 18:17:33 info: a request has been made and proccessed successfully at: Sun Feb 16 2020 18:17:33 GMT+0530 (India Standard Time)
2020-02-16 18:17:38 info: a request has been made and proccessed successfully at: Sun Feb 16 2020 18:17:38 GMT+0530 (India Standard Time)
2020-02-16 18:17:43 info: a request has been made and proccessed successfully at: Sun Feb 16 2020 18:17:43 GMT+0530 (India Standard Time)
2020-02-16 18:18:36 info: [Server]:  api server started on: 4000
2020-02-16 18:18:36 info: [Server]:  Connection with MongoDB installed 
2020-02-16 18:18:49 info: [Server]:  api server started on: 4000
2020-02-16 18:18:49 info: [Server]:  Connection with MongoDB installed 
2020-02-16 18:18:58 info: a request has been made and proccessed successfully at: Sun Feb 16 2020 18:18:58 GMT+0530 (India Standard Time)
2020-02-16 18:19:01 info: a request has been made and proccessed successfully at: Sun Feb 16 2020 18:19:01 GMT+0530 (India Standard Time)
2020-02-16 18:20:20 info: [Server]:  api server started on: 4000
2020-02-16 18:20:20 info: [Server]:  Connection with MongoDB installed 
2020-02-16 18:23:34 info: [Server]:  api server started on: 4000
2020-02-16 18:23:34 info: [Server]:  Connection with MongoDB installed 
2020-02-16 18:24:04 info: a request has been made and proccessed successfully at: Sun Feb 16 2020 18:24:04 GMT+0530 (India Standard Time)
2020-02-16 18:24:09 info: a request has been made and proccessed successfully at: Sun Feb 16 2020 18:24:09 GMT+0530 (India Standard Time)
2020-02-16 18:24:12 info: a request has been made and proccessed successfully at: Sun Feb 16 2020 18:24:12 GMT+0530 (India Standard Time)
2020-02-16 18:25:32 info: [Server]:  api server started on: 4000
2020-02-16 18:25:32 info: [Server]:  Connection with MongoDB installed 
2020-02-16 18:25:39 info: a request has been made and proccessed successfully at: Sun Feb 16 2020 18:25:39 GMT+0530 (India Standard Time)
2020-02-16 18:25:42 info: a request has been made and proccessed successfully at: Sun Feb 16 2020 18:25:42 GMT+0530 (India Standard Time)
2020-02-16 18:26:03 info: [Server]:  api server started on: 4000
2020-02-16 18:26:03 info: [Server]:  Connection with MongoDB installed 
2020-02-16 18:26:06 info: a request has been made and proccessed successfully at: Sun Feb 16 2020 18:26:06 GMT+0530 (India Standard Time)
2020-02-16 18:27:17 info: [Server]:  api server started on: 4000
2020-02-16 18:27:17 info: [Server]:  Connection with MongoDB installed 
2020-02-16 18:27:20 info: a request has been made and proccessed successfully at: Sun Feb 16 2020 18:27:20 GMT+0530 (India Standard Time)
2020-02-16 18:27:51 info: [Server]:  api server started on: 4000
2020-02-16 18:27:51 info: [Server]:  Connection with MongoDB installed 
2020-02-16 18:27:59 info: a request has been made and proccessed successfully at: Sun Feb 16 2020 18:27:59 GMT+0530 (India Standard Time)
2020-02-16 18:28:36 info: [Server]:  api server started on: 4000
2020-02-16 18:28:36 info: [Server]:  Connection with MongoDB installed 
2020-02-16 18:28:39 info: a request has been made and proccessed successfully at: Sun Feb 16 2020 18:28:39 GMT+0530 (India Standard Time)
2020-02-16 18:29:19 info: a request has been made and proccessed successfully at: Sun Feb 16 2020 18:29:19 GMT+0530 (India Standard Time)
2020-02-16 18:29:23 info: a request has been made and proccessed successfully at: Sun Feb 16 2020 18:29:23 GMT+0530 (India Standard Time)
2020-02-16 18:29:25 info: a request has been made and proccessed successfully at: Sun Feb 16 2020 18:29:25 GMT+0530 (India Standard Time)
2020-02-16 18:29:29 info: a request has been made and proccessed successfully at: Sun Feb 16 2020 18:29:29 GMT+0530 (India Standard Time)
2020-02-16 18:29:32 info: a request has been made and proccessed successfully at: Sun Feb 16 2020 18:29:32 GMT+0530 (India Standard Time)
2020-02-16 18:30:08 info: [Server]:  api server started on: 4000
2020-02-16 18:30:08 info: [Server]:  Connection with MongoDB installed 
2020-02-16 18:30:18 info: a request has been made and proccessed successfully at: Sun Feb 16 2020 18:30:18 GMT+0530 (India Standard Time)
2020-02-16 18:30:24 info: a request has been made and proccessed successfully at: Sun Feb 16 2020 18:30:24 GMT+0530 (India Standard Time)
2020-02-16 18:30:50 info: [Server]:  api server started on: 4000
2020-02-16 18:30:50 info: [Server]:  Connection with MongoDB installed 
2020-02-16 18:31:09 info: a request has been made and proccessed successfully at: Sun Feb 16 2020 18:31:09 GMT+0530 (India Standard Time)
2020-02-16 18:31:12 info: a request has been made and proccessed successfully at: Sun Feb 16 2020 18:31:12 GMT+0530 (India Standard Time)
2020-02-16 18:31:15 info: a request has been made and proccessed successfully at: Sun Feb 16 2020 18:31:15 GMT+0530 (India Standard Time)
2020-02-16 18:31:20 info: a request has been made and proccessed successfully at: Sun Feb 16 2020 18:31:20 GMT+0530 (India Standard Time)
2020-02-16 18:31:22 info: a request has been made and proccessed successfully at: Sun Feb 16 2020 18:31:22 GMT+0530 (India Standard Time)
2020-02-16 18:31:47 info: [Server]:  api server started on: 4000
2020-02-16 18:31:47 info: [Server]:  Connection with MongoDB installed 
2020-02-16 18:31:59 info: a request has been made and proccessed successfully at: Sun Feb 16 2020 18:31:59 GMT+0530 (India Standard Time)
2020-02-16 18:32:02 info: a request has been made and proccessed successfully at: Sun Feb 16 2020 18:32:02 GMT+0530 (India Standard Time)
2020-02-16 18:32:22 info: [Server]:  api server started on: 4000
2020-02-16 18:32:22 info: [Server]:  Connection with MongoDB installed 
2020-02-16 18:35:46 info: [Server]:  api server started on: 4000
2020-02-16 18:35:46 info: [Server]:  Connection with MongoDB installed 
2020-02-16 18:36:57 info: [Server]:  api server started on: 4000
2020-02-16 18:36:57 info: [Server]:  Connection with MongoDB installed 
2020-02-16 18:37:47 info: a request has been made and proccessed successfully at: Sun Feb 16 2020 18:37:47 GMT+0530 (India Standard Time)
2020-02-16 18:39:48 info: [Server]:  api server started on: 4000
2020-02-16 18:39:48 info: [Server]:  Connection with MongoDB installed 
2020-02-16 18:42:45 info: [Server]:  api server started on: 4000
2020-02-16 18:42:45 info: [Server]:  Connection with MongoDB installed 
2020-02-16 18:42:54 info: [Server]:  api server started on: 4000
2020-02-16 18:42:54 info: [Server]:  Connection with MongoDB installed 
2020-02-16 18:43:24 info: [Server]:  api server started on: 4000
2020-02-16 18:43:24 info: [Server]:  Connection with MongoDB installed 
2020-02-16 18:43:32 info: a request has been made and proccessed successfully at: Sun Feb 16 2020 18:43:32 GMT+0530 (India Standard Time)
2020-02-16 18:43:40 info: a request has been made and proccessed successfully at: Sun Feb 16 2020 18:43:40 GMT+0530 (India Standard Time)
2020-02-16 18:43:56 info: [Server]:  api server started on: 4000
2020-02-16 18:43:56 info: [Server]:  Connection with MongoDB installed 
2020-02-16 18:45:16 info: [Server]:  api server started on: 4000
2020-02-16 18:45:16 info: [Server]:  Connection with MongoDB installed 
2020-02-16 18:46:46 info: [Server]:  api server started on: 4000
2020-02-16 18:46:46 info: [Server]:  Connection with MongoDB installed 
2020-02-16 18:47:53 info: [Server]:  api server started on: 4000
2020-02-16 18:47:53 info: [Server]:  Connection with MongoDB installed 
2020-02-16 18:48:11 info: [Server]:  api server started on: 4000
2020-02-16 18:48:11 info: [Server]:  Connection with MongoDB installed 
2020-02-16 18:49:58 info: [Server]:  api server started on: 4000
2020-02-16 18:49:58 info: [Server]:  Connection with MongoDB installed 
2020-02-16 18:51:27 info: [Server]:  api server started on: 4000
2020-02-16 18:51:27 info: [Server]:  Connection with MongoDB installed 
2020-02-16 18:51:34 info: [Server]:  api server started on: 4000
2020-02-16 18:51:34 info: [Server]:  Connection with MongoDB installed 
2020-02-16 18:53:20 info: [Server]:  api server started on: 4000
2020-02-16 18:53:20 info: [Server]:  Connection with MongoDB installed 
2020-02-16 18:54:20 info: a request has been made and proccessed successfully at: Sun Feb 16 2020 18:54:20 GMT+0530 (India Standard Time)
2020-02-16 18:54:27 error: error ,Error during processing request: http://localhost:4000/api/v1/getUserById/copyIdfromdatabase details message: invalid id or user doesn't existed
2020-02-16 18:54:31 info: a request has been made and proccessed successfully at: Sun Feb 16 2020 18:54:31 GMT+0530 (India Standard Time)
2020-02-16 18:55:05 info: a request has been made and proccessed successfully at: Sun Feb 16 2020 18:55:05 GMT+0530 (India Standard Time)
2020-02-16 18:56:07 info: [Server]:  api server started on: 4000
2020-02-16 18:56:07 info: [Server]:  Connection with MongoDB installed 
2020-02-16 18:56:11 info: a request has been made and proccessed successfully at: Sun Feb 16 2020 18:56:11 GMT+0530 (India Standard Time)
2020-02-16 18:57:07 info: a request has been made and proccessed successfully at: Sun Feb 16 2020 18:57:07 GMT+0530 (India Standard Time)
2020-02-16 18:58:00 info: a request has been made and proccessed successfully at: Sun Feb 16 2020 18:58:00 GMT+0530 (India Standard Time)
2020-02-16 18:58:02 info: a request has been made and proccessed successfully at: Sun Feb 16 2020 18:58:02 GMT+0530 (India Standard Time)
2020-02-16 18:58:42 info: [Server]:  api server started on: 4000
2020-02-16 18:58:42 info: [Server]:  Connection with MongoDB installed 
2020-02-16 18:58:49 info: a request has been made and proccessed successfully at: Sun Feb 16 2020 18:58:49 GMT+0530 (India Standard Time)
2020-02-16 18:58:53 info: a request has been made and proccessed successfully at: Sun Feb 16 2020 18:58:53 GMT+0530 (India Standard Time)
2020-02-16 18:59:37 info: [Server]:  api server started on: 4000
2020-02-16 18:59:37 info: [Server]:  Connection with MongoDB installed 
2020-02-16 18:59:46 info: a request has been made and proccessed successfully at: Sun Feb 16 2020 18:59:46 GMT+0530 (India Standard Time)
2020-02-16 18:59:50 info: a request has been made and proccessed successfully at: Sun Feb 16 2020 18:59:50 GMT+0530 (India Standard Time)
2020-02-16 19:01:20 info: a request has been made and proccessed successfully at: Sun Feb 16 2020 19:01:20 GMT+0530 (India Standard Time)
2020-02-16 19:01:39 info: [Server]:  api server started on: 4000
2020-02-16 19:01:39 info: [Server]:  Connection with MongoDB installed 
2020-02-16 19:01:43 info: a request has been made and proccessed successfully at: Sun Feb 16 2020 19:01:43 GMT+0530 (India Standard Time)
2020-02-16 19:02:41 info: [Server]:  api server started on: 4000
2020-02-16 19:02:41 info: [Server]:  Connection with MongoDB installed 
2020-02-16 19:02:47 error: error ,Error during processing request: http://localhost:4000/api/v1/powerOnOff details message: The array filter for identifier 'elem' was not used in the update { $set: { age: 22 } }
2020-02-16 19:02:53 info: [Server]:  api server started on: 4000
2020-02-16 19:02:53 info: [Server]:  Connection with MongoDB installed 
2020-02-16 19:02:55 info: a request has been made and proccessed successfully at: Sun Feb 16 2020 19:02:55 GMT+0530 (India Standard Time)
2020-02-16 19:02:58 info: a request has been made and proccessed successfully at: Sun Feb 16 2020 19:02:58 GMT+0530 (India Standard Time)
2020-02-16 19:03:16 info: [Server]:  api server started on: 4000
2020-02-16 19:03:16 info: [Server]:  Connection with MongoDB installed 
2020-02-16 19:03:26 info: a request has been made and proccessed successfully at: Sun Feb 16 2020 19:03:26 GMT+0530 (India Standard Time)
2020-02-16 19:03:29 info: a request has been made and proccessed successfully at: Sun Feb 16 2020 19:03:29 GMT+0530 (India Standard Time)
2020-02-16 19:03:33 info: a request has been made and proccessed successfully at: Sun Feb 16 2020 19:03:33 GMT+0530 (India Standard Time)
2020-02-16 19:15:34 info: [Server]:  api server started on: 4000
2020-02-16 19:15:34 info: [Server]:  Connection with MongoDB installed 
2020-02-16 19:16:37 info: [Server]:  api server started on: 4000
2020-02-16 19:16:37 info: [Server]:  Connection with MongoDB installed 
2020-02-16 19:16:44 info: a request has been made and proccessed successfully at: Sun Feb 16 2020 19:16:44 GMT+0530 (India Standard Time)
2020-02-16 19:16:48 info: a request has been made and proccessed successfully at: Sun Feb 16 2020 19:16:48 GMT+0530 (India Standard Time)
2020-02-16 19:17:23 info: a request has been made and proccessed successfully at: Sun Feb 16 2020 19:17:23 GMT+0530 (India Standard Time)
2020-02-16 19:17:28 info: a request has been made and proccessed successfully at: Sun Feb 16 2020 19:17:28 GMT+0530 (India Standard Time)
2020-02-16 19:18:03 info: [Server]:  api server started on: 4000
2020-02-16 19:18:03 info: [Server]:  Connection with MongoDB installed 
2020-02-16 19:18:08 info: a request has been made and proccessed successfully at: Sun Feb 16 2020 19:18:08 GMT+0530 (India Standard Time)
2020-02-16 19:18:12 info: a request has been made and proccessed successfully at: Sun Feb 16 2020 19:18:12 GMT+0530 (India Standard Time)
2020-02-16 19:20:01 info: [Server]:  api server started on: 4000
2020-02-16 19:20:01 info: [Server]:  Connection with MongoDB installed 
2020-02-16 19:20:04 info: a request has been made and proccessed successfully at: Sun Feb 16 2020 19:20:04 GMT+0530 (India Standard Time)
2020-02-16 19:20:25 info: a request has been made and proccessed successfully at: Sun Feb 16 2020 19:20:25 GMT+0530 (India Standard Time)
2020-02-16 19:20:28 info: a request has been made and proccessed successfully at: Sun Feb 16 2020 19:20:28 GMT+0530 (India Standard Time)
2020-02-16 19:20:34 info: a request has been made and proccessed successfully at: Sun Feb 16 2020 19:20:34 GMT+0530 (India Standard Time)
2020-02-16 19:33:30 error: error ,Error during processing request: http://localhost:4000/api/v1/powerOnOff details message: please provide a vaid token ,your token might be expired
2020-02-16 19:33:37 info: a request has been made and proccessed successfully at: Sun Feb 16 2020 19:33:37 GMT+0530 (India Standard Time)
2020-02-16 19:33:44 info: a request has been made and proccessed successfully at: Sun Feb 16 2020 19:33:44 GMT+0530 (India Standard Time)
2020-02-16 19:34:05 info: a request has been made and proccessed successfully at: Sun Feb 16 2020 19:34:05 GMT+0530 (India Standard Time)
2020-02-16 20:04:14 info: [Server]:  api server started on: 4000
2020-02-16 20:04:14 info: [Server]:  Connection with MongoDB installed 
2020-02-16 20:04:57 info: [Server]:  api server started on: 4000
2020-02-16 20:04:57 info: [Server]:  Connection with MongoDB installed 
2020-02-16 20:05:08 info: [Server]:  api server started on: 4000
2020-02-16 20:05:08 info: [Server]:  Connection with MongoDB installed 
2020-02-16 20:07:12 info: [Server]:  api server started on: 4000
2020-02-16 20:07:12 info: [Server]:  Connection with MongoDB installed 
2020-02-16 20:08:29 info: [Server]:  api server started on: 4000
2020-02-16 20:08:29 info: [Server]:  Connection with MongoDB installed 
2020-02-16 20:08:48 info: [Server]:  api server started on: 4000
2020-02-16 20:08:48 info: [Server]:  Connection with MongoDB installed 
2020-02-16 20:09:34 info: [Server]:  api server started on: 4000
2020-02-16 20:09:34 info: [Server]:  Connection with MongoDB installed 
2020-02-16 20:09:43 info: [Server]:  api server started on: 4000
2020-02-16 20:09:43 info: [Server]:  Connection with MongoDB installed 
2020-02-16 20:14:56 info: [Server]:  api server started on: 4000
2020-02-16 20:14:56 info: [Server]:  Connection with MongoDB installed 
2020-02-16 20:15:44 info: [Server]:  api server started on: 4000
2020-02-16 20:15:44 info: [Server]:  Connection with MongoDB installed 
2020-02-16 20:16:51 info: [Server]:  api server started on: 4000
2020-02-16 20:16:51 info: [Server]:  Connection with MongoDB installed 
2020-02-16 20:19:07 info: [Server]:  api server started on: 4000
2020-02-16 20:19:07 info: [Server]:  Connection with MongoDB installed 
2020-02-16 20:20:54 info: [Server]:  api server started on: 4000
2020-02-16 20:20:54 info: [Server]:  Connection with MongoDB installed 
2020-02-16 20:21:57 info: [Server]:  api server started on: 4000
2020-02-16 20:21:57 info: [Server]:  Connection with MongoDB installed 
2020-02-16 20:23:10 info: [Server]:  api server started on: 4000
2020-02-16 20:23:10 info: [Server]:  Connection with MongoDB installed 
2020-02-16 20:23:25 info: [Server]:  api server started on: 4000
2020-02-16 20:23:25 info: [Server]:  Connection with MongoDB installed 
2020-02-16 20:23:35 info: [Server]:  api server started on: 4000
2020-02-16 20:23:35 info: [Server]:  Connection with MongoDB installed 
2020-02-16 20:23:42 info: [Server]:  api server started on: 4000
2020-02-16 20:23:42 info: [Server]:  Connection with MongoDB installed 
2020-02-16 20:24:23 info: [Server]:  api server started on: 4000
2020-02-16 20:24:23 info: [Server]:  Connection with MongoDB installed 
2020-02-16 20:24:55 info: [Server]:  api server started on: 4000
2020-02-16 20:24:55 info: [Server]:  Connection with MongoDB installed 
2020-02-16 20:25:21 info: [Server]:  api server started on: 4000
2020-02-16 20:25:21 info: [Server]:  Connection with MongoDB installed 
2020-02-16 20:25:27 info: [Server]:  api server started on: 4000
2020-02-16 20:25:27 info: [Server]:  Connection with MongoDB installed 
2020-02-16 20:26:29 info: [Server]:  api server started on: 4000
2020-02-16 20:26:29 info: [Server]:  Connection with MongoDB installed 
2020-02-16 20:26:51 info: [Server]:  api server started on: 4000
2020-02-16 20:26:51 info: [Server]:  Connection with MongoDB installed 
2020-02-16 20:26:59 info: [Server]:  api server started on: 4000
2020-02-16 20:26:59 info: [Server]:  Connection with MongoDB installed 
2020-02-16 20:27:14 info: [Server]:  api server started on: 4000
2020-02-16 20:27:14 info: [Server]:  Connection with MongoDB installed 
2020-02-16 20:27:33 info: [Server]:  api server started on: 4000
2020-02-16 20:27:33 info: [Server]:  Connection with MongoDB installed 
2020-02-16 20:28:22 info: a request has been made and proccessed successfully at: Sun Feb 16 2020 20:28:22 GMT+0530 (India Standard Time)
2020-02-16 20:28:28 info: a request has been made and proccessed successfully at: Sun Feb 16 2020 20:28:28 GMT+0530 (India Standard Time)
2020-02-16 20:28:33 info: a request has been made and proccessed successfully at: Sun Feb 16 2020 20:28:33 GMT+0530 (India Standard Time)
2020-02-16 20:28:58 info: a request has been made and proccessed successfully at: Sun Feb 16 2020 20:28:58 GMT+0530 (India Standard Time)
2020-02-16 20:29:54 info: [Server]:  api server started on: 4000
2020-02-16 20:29:54 info: [Server]:  Connection with MongoDB installed 
2020-02-16 20:30:01 info: a request has been made and proccessed successfully at: Sun Feb 16 2020 20:30:01 GMT+0530 (India Standard Time)
2020-02-16 20:32:45 info: [Server]:  api server started on: 4000
2020-02-16 20:32:45 info: [Server]:  Connection with MongoDB installed 
2020-02-16 20:33:04 info: [Server]:  api server started on: 4000
2020-02-16 20:33:04 info: [Server]:  Connection with MongoDB installed 
2020-02-16 20:33:20 info: [Server]:  api server started on: 4000
2020-02-16 20:33:20 info: [Server]:  Connection with MongoDB installed 
2020-02-16 20:33:48 info: [Server]:  api server started on: 4000
2020-02-16 20:33:48 info: [Server]:  Connection with MongoDB installed 
2020-02-16 20:34:02 info: [Server]:  api server started on: 4000
2020-02-16 20:34:02 info: [Server]:  Connection with MongoDB installed 
2020-02-16 20:34:28 info: [Server]:  api server started on: 4000
2020-02-16 20:34:29 info: [Server]:  Connection with MongoDB installed 
2020-02-16 20:35:22 info: [Server]:  api server started on: 4000
2020-02-16 20:35:22 info: [Server]:  Connection with MongoDB installed 
2020-02-16 20:35:35 info: [Server]:  api server started on: 4000
2020-02-16 20:35:35 info: [Server]:  Connection with MongoDB installed 
2020-02-16 20:35:54 info: [Server]:  api server started on: 4000
2020-02-16 20:35:54 info: [Server]:  Connection with MongoDB installed 
2020-02-16 20:38:12 info: [Server]:  api server started on: 4000
2020-02-16 20:38:12 info: [Server]:  Connection with MongoDB installed 
2020-02-16 20:39:21 info: [Server]:  api server started on: 4000
2020-02-16 20:39:21 info: [Server]:  Connection with MongoDB installed 
2020-02-16 20:39:27 info: a request has been made and proccessed successfully at: Sun Feb 16 2020 20:39:27 GMT+0530 (India Standard Time)
2020-02-16 20:39:40 info: a request has been made and proccessed successfully at: Sun Feb 16 2020 20:39:40 GMT+0530 (India Standard Time)
2020-02-16 20:44:15 info: [Server]:  api server started on: 4000
2020-02-16 20:44:15 info: [Server]:  Connection with MongoDB installed 
2020-02-16 20:44:35 info: [Server]:  api server started on: 4000
2020-02-16 20:44:35 info: [Server]:  Connection with MongoDB installed 
2020-02-16 20:44:59 info: [Server]:  api server started on: 4000
2020-02-16 20:44:59 info: [Server]:  Connection with MongoDB installed 
2020-02-16 20:45:15 info: [Server]:  api server started on: 4000
2020-02-16 20:45:15 info: [Server]:  Connection with MongoDB installed 
2020-02-16 21:09:49 info: [Server]:  api server started on: 4000
2020-02-16 21:09:49 info: [Server]:  Connection with MongoDB installed 
2020-02-16 21:09:58 info: a request has been made and proccessed successfully at: Sun Feb 16 2020 21:09:58 GMT+0530 (India Standard Time)
2020-02-16 21:10:30 info: a request has been made and proccessed successfully at: Sun Feb 16 2020 21:10:30 GMT+0530 (India Standard Time)
2020-02-16 21:10:53 info: a request has been made and proccessed successfully at: Sun Feb 16 2020 21:10:53 GMT+0530 (India Standard Time)
2020-02-16 21:11:02 info: a request has been made and proccessed successfully at: Sun Feb 16 2020 21:11:02 GMT+0530 (India Standard Time)
2020-02-16 21:16:53 info: [Server]:  api server started on: 4000
2020-02-16 21:16:53 info: [Server]:  Connection with MongoDB installed 
2020-02-16 21:18:22 info: [Server]:  api server started on: 4000
2020-02-16 21:18:22 info: [Server]:  Connection with MongoDB installed 
2020-02-16 21:18:29 info: [Server]:  api server started on: 4000
2020-02-16 21:18:29 info: [Server]:  Connection with MongoDB installed 
2020-02-16 21:18:49 info: [Server]:  api server started on: 4000
2020-02-16 21:18:49 info: [Server]:  Connection with MongoDB installed 
2020-02-16 21:19:04 info: a request has been made and proccessed successfully at: Sun Feb 16 2020 21:19:04 GMT+0530 (India Standard Time)
2020-02-16 21:19:10 info: a request has been made and proccessed successfully at: Sun Feb 16 2020 21:19:10 GMT+0530 (India Standard Time)
2020-02-16 21:19:18 info: a request has been made and proccessed successfully at: Sun Feb 16 2020 21:19:18 GMT+0530 (India Standard Time)
2020-02-16 21:19:30 info: a request has been made and proccessed successfully at: Sun Feb 16 2020 21:19:30 GMT+0530 (India Standard Time)
2020-02-16 21:19:37 info: a request has been made and proccessed successfully at: Sun Feb 16 2020 21:19:37 GMT+0530 (India Standard Time)
2020-02-16 21:34:44 info: [Server]:  api server started on: 4000
2020-02-16 21:34:44 info: [Server]:  Connection with MongoDB installed 
2020-02-16 21:49:40 info: [Server]:  api server started on: 4000
2020-02-16 21:49:40 info: [Server]:  Connection with MongoDB installed 
2020-02-16 21:49:43 info: [Server]:  api server started on: 4000
2020-02-16 21:49:43 info: [Server]:  Connection with MongoDB installed 
2020-02-16 21:52:12 info: [Server]:  api server started on: 4000
2020-02-16 21:52:12 info: [Server]:  Connection with MongoDB installed 
2020-02-16 21:52:15 info: [Server]:  api server started on: 4000
2020-02-16 21:52:15 info: [Server]:  Connection with MongoDB installed 
2020-02-16 21:52:26 info: [Server]:  api server started on: 4000
2020-02-16 21:52:26 info: [Server]:  Connection with MongoDB installed 
2020-02-16 21:53:34 info: [Server]:  api server started on: 4000
2020-02-16 21:53:34 info: [Server]:  Connection with MongoDB installed 
2020-02-16 21:53:41 info: [Server]:  api server started on: 4000
2020-02-16 21:53:41 info: [Server]:  Connection with MongoDB installed 
2020-02-16 21:53:45 info: [Server]:  api server started on: 4000
2020-02-16 21:53:45 info: [Server]:  Connection with MongoDB installed 
2020-02-16 21:53:53 info: [Server]:  api server started on: 4000
2020-02-16 21:53:53 info: [Server]:  Connection with MongoDB installed 
2020-02-16 21:54:14 info: [Server]:  api server started on: 4000
2020-02-16 21:54:14 info: [Server]:  Connection with MongoDB installed 
2020-02-16 21:55:23 info: a request has been made and proccessed successfully at: Sun Feb 16 2020 21:55:23 GMT+0530 (India Standard Time)
2020-02-16 21:55:25 info: a request has been made and proccessed successfully at: Sun Feb 16 2020 21:55:25 GMT+0530 (India Standard Time)
2020-02-16 21:55:34 info: a request has been made and proccessed successfully at: Sun Feb 16 2020 21:55:34 GMT+0530 (India Standard Time)
2020-02-16 21:55:58 info: a request has been made and proccessed successfully at: Sun Feb 16 2020 21:55:58 GMT+0530 (India Standard Time)
2020-02-16 21:56:02 info: a request has been made and proccessed successfully at: Sun Feb 16 2020 21:56:02 GMT+0530 (India Standard Time)
2020-02-16 21:56:18 info: a request has been made and proccessed successfully at: Sun Feb 16 2020 21:56:18 GMT+0530 (India Standard Time)
2020-02-16 21:56:23 info: a request has been made and proccessed successfully at: Sun Feb 16 2020 21:56:23 GMT+0530 (India Standard Time)
2020-02-16 21:57:46 info: [Server]:  api server started on: 4000
2020-02-16 21:57:46 info: [Server]:  Connection with MongoDB installed 
2020-02-16 21:57:55 info: [Server]:  api server started on: 4000
2020-02-16 21:57:55 info: [Server]:  Connection with MongoDB installed 
2020-02-16 21:57:57 info: [Server]:  api server started on: 4000
2020-02-16 21:57:57 info: [Server]:  Connection with MongoDB installed 
2020-02-16 21:58:31 info: a request has been made and proccessed successfully at: Sun Feb 16 2020 21:58:31 GMT+0530 (India Standard Time)
2020-02-16 22:02:16 info: [Server]:  api server started on: 4000
2020-02-16 22:02:16 info: [Server]:  Connection with MongoDB installed 
2020-02-16 22:03:28 info: [Server]:  api server started on: 4000
2020-02-16 22:03:28 info: [Server]:  Connection with MongoDB installed 
2020-02-16 22:06:45 info: [Server]:  api server started on: 4000
2020-02-16 22:06:46 info: [Server]:  Connection with MongoDB installed 
2020-02-16 22:07:27 info: [Server]:  api server started on: 4000
2020-02-16 22:07:27 info: [Server]:  Connection with MongoDB installed 
2020-02-16 22:08:14 info: [Server]:  api server started on: 4000
2020-02-16 22:08:14 info: [Server]:  Connection with MongoDB installed 
2020-02-16 22:08:47 info: [Server]:  api server started on: 4000
2020-02-16 22:08:47 info: [Server]:  Connection with MongoDB installed 
2020-02-16 22:08:53 info: [Server]:  api server started on: 4000
2020-02-16 22:08:53 info: [Server]:  Connection with MongoDB installed 
2020-02-16 22:12:24 info: [Server]:  api server started on: 4000
2020-02-16 22:12:24 info: [Server]:  Connection with MongoDB installed 
2020-02-16 22:15:01 info: [Server]:  api server started on: 4000
2020-02-16 22:15:01 info: [Server]:  Connection with MongoDB installed 
2020-02-16 22:18:09 info: [Server]:  api server started on: 4000
2020-02-16 22:18:09 info: [Server]:  Connection with MongoDB installed 
2020-02-16 22:20:00 error: [Server]:  the url you are trying to reach is not hosted on our server
2020-02-16 22:20:37 info: [Server]:  api server started on: 4000
2020-02-16 22:20:37 info: [Server]:  Connection with MongoDB installed 
2020-02-16 22:20:45 info: a request has been made and proccessed successfully at: Sun Feb 16 2020 22:20:45 GMT+0530 (India Standard Time)
2020-02-16 22:20:51 info: a request has been made and proccessed successfully at: Sun Feb 16 2020 22:20:51 GMT+0530 (India Standard Time)
2020-02-16 22:20:56 info: a request has been made and proccessed successfully at: Sun Feb 16 2020 22:20:56 GMT+0530 (India Standard Time)
2020-02-16 22:21:03 info: a request has been made and proccessed successfully at: Sun Feb 16 2020 22:21:03 GMT+0530 (India Standard Time)
2020-02-16 22:21:10 info: a request has been made and proccessed successfully at: Sun Feb 16 2020 22:21:10 GMT+0530 (India Standard Time)
2020-02-16 22:21:15 info: a request has been made and proccessed successfully at: Sun Feb 16 2020 22:21:15 GMT+0530 (India Standard Time)
2020-02-16 22:21:20 info: a request has been made and proccessed successfully at: Sun Feb 16 2020 22:21:20 GMT+0530 (India Standard Time)
2020-02-16 22:22:36 info: [Server]:  api server started on: 4000
2020-02-16 22:22:36 info: [Server]:  Connection with MongoDB installed 
